<?xml version="1.0" encoding="UTF-8"?>
<!-- Generated by org.testng.reporters.JUnitXMLReporter -->
<testsuite ignored="0" hostname="DESKTOP-FIF37EJ" failures="0" tests="2" name="Default test" time="0.036" errors="0" timestamp="2022-10-24T10:50:11 EET">
  <testcase classname="Testsexecution.Prepreation" name="@BeforeSuite bef" time="-1.666601411494E9">
    <failure type="org.testng.TestNGException" message="
Parameter &amp;apos;browser&amp;apos; is required by BeforeSuite on method bef but has not been marked @Optional or defined
in C:\Users\momen\AppData\Local\Temp\testng-eclipse--1869255777\testng-customsuite.xml">
      <![CDATA[org.testng.TestNGException: 
Parameter 'browser' is required by BeforeSuite on method bef but has not been marked @Optional or defined
in C:\Users\momen\AppData\Local\Temp\testng-eclipse--1869255777\testng-customsuite.xml
at org.testng.internal.Parameters.createParams(Parameters.java:270)
at org.testng.internal.Parameters.createParametersForMethod(Parameters.java:358)
at org.testng.internal.Parameters.createParameters(Parameters.java:700)
at org.testng.internal.Parameters.createConfigurationParameters(Parameters.java:168)
at org.testng.internal.ConfigInvoker.invokeConfigurations(ConfigInvoker.java:302)
at org.testng.SuiteRunner.privateRun(SuiteRunner.java:317)
at org.testng.SuiteRunner.run(SuiteRunner.java:276)
at org.testng.SuiteRunnerWorker.runSuite(SuiteRunnerWorker.java:53)
at org.testng.SuiteRunnerWorker.run(SuiteRunnerWorker.java:96)
at org.testng.TestNG.runSuitesSequentially(TestNG.java:1212)
at org.testng.TestNG.runSuitesLocally(TestNG.java:1134)
at org.testng.TestNG.runSuites(TestNG.java:1063)
at org.testng.TestNG.run(TestNG.java:1031)
at org.testng.remote.AbstractRemoteTestNG.run(AbstractRemoteTestNG.java:115)
at org.testng.remote.RemoteTestNG.initAndRun(RemoteTestNG.java:251)
at org.testng.remote.RemoteTestNG.main(RemoteTestNG.java:77)
]]>
    </failure>
  </testcase> <!-- @BeforeSuite bef -->
  <testcase classname="Testsexecution.Prepreation" name="@AfterMethod takescreenshoot" time="-1.666601411533E9">
    <skipped/>
  </testcase> <!-- @AfterMethod takescreenshoot -->
  <testcase classname="Testsexecution.Testcases2" name="OpenHomePage" time="0.0">
    <skipped/>
  </testcase> <!-- OpenHomePage -->
  <testcase classname="Testsexecution.Testcases2" name="Regester" time="0.0">
    <skipped/>
  </testcase> <!-- Regester -->
</testsuite> <!-- Default test -->
