<?xml version="1.0" encoding="UTF-8"?>
<!-- Generated by org.testng.reporters.JUnitXMLReporter -->
<testsuite ignored="0" hostname="DESKTOP-FIF37EJ" failures="1" tests="5" name="Test" time="12.111" errors="0" timestamp="2022-10-25T17:08:56 EET">
  <testcase classname="Testsexecution.Testcases" name="OpenHomePage" time="0.751"/>
  <testcase classname="Testsexecution.Testcases" name="Regester" time="2.893"/>
  <testcase classname="Testsexecution.Testcases" name="Logout" time="0.9"/>
  <testcase classname="Testsexecution.Testcases" name="Login" time="2.379"/>
  <testcase classname="Testsexecution.Testcases" name="SEARCH" time="4.883">
    <failure type="java.lang.AssertionError" message="expected [Apple MacBook Pro 13-inch] but found [[[ChromeDriver: chrome on WINDOWS (d52aabc147b48f8457bb7b4c89e0c32b)] -&amp;gt; xpath: //*[@id=&amp;quot;product-details-form&amp;quot;]/div[2]/div[1]/div[2]/div[1]/h1]]">
      <![CDATA[java.lang.AssertionError: expected [Apple MacBook Pro 13-inch] but found [[[ChromeDriver: chrome on WINDOWS (d52aabc147b48f8457bb7b4c89e0c32b)] -> xpath: //*[@id="product-details-form"]/div[2]/div[1]/div[2]/div[1]/h1]]
at introductions.PageBasis.assertion(PageBasis.java:27)
at first.SearchWithOutClickOnButton.SearchWithoutButton(SearchWithOutClickOnButton.java:31)
at Testsexecution.Testcases.SEARCH(Testcases.java:52)
at java.base/java.util.ArrayList.forEach(ArrayList.java:1511)
... Removed 30 stack frames]]>
    </failure>
  </testcase> <!-- SEARCH -->
</testsuite> <!-- Test -->
